/home/anp/anaconda3/lib/python3.11/site-packages/aeon/base/__init__.py:24: FutureWarning: The aeon package will soon be releasing v1.0.0 with the removal of legacy modules and interfaces such as BaseTransformer and BaseForecaster. This will contain breaking changes. See aeon-toolkit.org for more information. Set aeon.AEON_DEPRECATION_WARNING or the AEON_DEPRECATION_WARNING environmental variable to 'False' to disable this warning.
  warnings.warn(
Process ForkPoolWorker-11:
Process ForkPoolWorker-15:
Process ForkPoolWorker-14:
Process ForkPoolWorker-10:
Process ForkPoolWorker-9:
Process ForkPoolWorker-13:
Process ForkPoolWorker-5:
Process ForkPoolWorker-12:
Process ForkPoolWorker-16:
Process ForkPoolWorker-8:
Process ForkPoolWorker-1:
Process ForkPoolWorker-2:
Process ForkPoolWorker-4:
Process ForkPoolWorker-6:
Traceback (most recent call last):
Traceback (most recent call last):
Traceback (most recent call last):
Traceback (most recent call last):
Traceback (most recent call last):
Traceback (most recent call last):
Traceback (most recent call last):
  File "/home/anp/anaconda3/lib/python3.11/multiprocessing/process.py", line 314, in _bootstrap
    self.run()
  File "/home/anp/anaconda3/lib/python3.11/multiprocessing/process.py", line 108, in run
    self._target(*self._args, **self._kwargs)
  File "/home/anp/anaconda3/lib/python3.11/multiprocessing/process.py", line 314, in _bootstrap
    self.run()
  File "/home/anp/anaconda3/lib/python3.11/multiprocessing/pool.py", line 114, in worker
    task = get()
           ^^^^^
  File "/home/anp/anaconda3/lib/python3.11/multiprocessing/process.py", line 108, in run
    self._target(*self._args, **self._kwargs)
  File "/home/anp/anaconda3/lib/python3.11/multiprocessing/queues.py", line 364, in get
    with self._rlock:
  File "/home/anp/anaconda3/lib/python3.11/multiprocessing/pool.py", line 114, in worker
    task = get()
           ^^^^^
  File "/home/anp/anaconda3/lib/python3.11/multiprocessing/synchronize.py", line 95, in __enter__
    return self._semlock.__enter__()
           ^^^^^^^^^^^^^^^^^^^^^^^^^
  File "/home/anp/anaconda3/lib/python3.11/multiprocessing/queues.py", line 364, in get
    with self._rlock:
  File "/home/anp/anaconda3/lib/python3.11/multiprocessing/synchronize.py", line 95, in __enter__
    return self._semlock.__enter__()
           ^^^^^^^^^^^^^^^^^^^^^^^^^
KeyboardInterrupt
KeyboardInterrupt
  File "/home/anp/anaconda3/lib/python3.11/multiprocessing/process.py", line 314, in _bootstrap
    self.run()
Traceback (most recent call last):
  File "/home/anp/anaconda3/lib/python3.11/multiprocessing/process.py", line 108, in run
    self._target(*self._args, **self._kwargs)
Traceback (most recent call last):
  File "/home/anp/anaconda3/lib/python3.11/multiprocessing/pool.py", line 114, in worker
    task = get()
           ^^^^^
  File "/home/anp/anaconda3/lib/python3.11/multiprocessing/queues.py", line 364, in get
    with self._rlock:
  File "/home/anp/anaconda3/lib/python3.11/multiprocessing/synchronize.py", line 95, in __enter__
    return self._semlock.__enter__()
           ^^^^^^^^^^^^^^^^^^^^^^^^^
KeyboardInterrupt
  File "/home/anp/anaconda3/lib/python3.11/multiprocessing/process.py", line 314, in _bootstrap
    self.run()
  File "/home/anp/anaconda3/lib/python3.11/multiprocessing/process.py", line 108, in run
    self._target(*self._args, **self._kwargs)
  File "/home/anp/anaconda3/lib/python3.11/multiprocessing/pool.py", line 114, in worker
    task = get()
           ^^^^^
  File "/home/anp/anaconda3/lib/python3.11/multiprocessing/queues.py", line 364, in get
    with self._rlock:
  File "/home/anp/anaconda3/lib/python3.11/multiprocessing/synchronize.py", line 95, in __enter__
    return self._semlock.__enter__()
           ^^^^^^^^^^^^^^^^^^^^^^^^^
KeyboardInterrupt
  File "/home/anp/anaconda3/lib/python3.11/multiprocessing/process.py", line 314, in _bootstrap
    self.run()
  File "/home/anp/anaconda3/lib/python3.11/multiprocessing/process.py", line 108, in run
    self._target(*self._args, **self._kwargs)
  File "/home/anp/anaconda3/lib/python3.11/multiprocessing/pool.py", line 114, in worker
    task = get()
           ^^^^^
Traceback (most recent call last):
  File "/home/anp/anaconda3/lib/python3.11/multiprocessing/queues.py", line 364, in get
    with self._rlock:
  File "/home/anp/anaconda3/lib/python3.11/multiprocessing/synchronize.py", line 95, in __enter__
    return self._semlock.__enter__()
           ^^^^^^^^^^^^^^^^^^^^^^^^^
KeyboardInterrupt
  File "/home/anp/anaconda3/lib/python3.11/multiprocessing/process.py", line 314, in _bootstrap
    self.run()
  File "/home/anp/anaconda3/lib/python3.11/multiprocessing/process.py", line 108, in run
    self._target(*self._args, **self._kwargs)
  File "/home/anp/anaconda3/lib/python3.11/multiprocessing/pool.py", line 114, in worker
    task = get()
           ^^^^^
  File "/home/anp/anaconda3/lib/python3.11/multiprocessing/process.py", line 314, in _bootstrap
    self.run()
  File "/home/anp/anaconda3/lib/python3.11/multiprocessing/queues.py", line 364, in get
    with self._rlock:
  File "/home/anp/anaconda3/lib/python3.11/multiprocessing/process.py", line 108, in run
    self._target(*self._args, **self._kwargs)
  File "/home/anp/anaconda3/lib/python3.11/multiprocessing/synchronize.py", line 95, in __enter__
    return self._semlock.__enter__()
           ^^^^^^^^^^^^^^^^^^^^^^^^^
  File "/home/anp/anaconda3/lib/python3.11/multiprocessing/pool.py", line 114, in worker
    task = get()
           ^^^^^
  File "/home/anp/anaconda3/lib/python3.11/multiprocessing/queues.py", line 364, in get
    with self._rlock:
  File "/home/anp/anaconda3/lib/python3.11/multiprocessing/synchronize.py", line 95, in __enter__
    return self._semlock.__enter__()
           ^^^^^^^^^^^^^^^^^^^^^^^^^
KeyboardInterrupt
KeyboardInterrupt
  File "/home/anp/anaconda3/lib/python3.11/multiprocessing/process.py", line 314, in _bootstrap
    self.run()
  File "/home/anp/anaconda3/lib/python3.11/multiprocessing/process.py", line 108, in run
    self._target(*self._args, **self._kwargs)
  File "/home/anp/anaconda3/lib/python3.11/multiprocessing/pool.py", line 114, in worker
    task = get()
           ^^^^^
  File "/home/anp/anaconda3/lib/python3.11/multiprocessing/queues.py", line 364, in get
    with self._rlock:
  File "/home/anp/anaconda3/lib/python3.11/multiprocessing/synchronize.py", line 95, in __enter__
    return self._semlock.__enter__()
           ^^^^^^^^^^^^^^^^^^^^^^^^^
KeyboardInterrupt
  File "/home/anp/anaconda3/lib/python3.11/multiprocessing/process.py", line 314, in _bootstrap
    self.run()
  File "/home/anp/anaconda3/lib/python3.11/multiprocessing/process.py", line 108, in run
    self._target(*self._args, **self._kwargs)
  File "/home/anp/anaconda3/lib/python3.11/multiprocessing/pool.py", line 114, in worker
    task = get()
           ^^^^^
  File "/home/anp/anaconda3/lib/python3.11/multiprocessing/queues.py", line 364, in get
    with self._rlock:
  File "/home/anp/anaconda3/lib/python3.11/multiprocessing/synchronize.py", line 95, in __enter__
    return self._semlock.__enter__()
           ^^^^^^^^^^^^^^^^^^^^^^^^^
Traceback (most recent call last):
KeyboardInterrupt
Traceback (most recent call last):
  File "/home/anp/anaconda3/lib/python3.11/multiprocessing/process.py", line 314, in _bootstrap
    self.run()
  File "/home/anp/anaconda3/lib/python3.11/multiprocessing/process.py", line 108, in run
    self._target(*self._args, **self._kwargs)
  File "/home/anp/anaconda3/lib/python3.11/multiprocessing/pool.py", line 114, in worker
    task = get()
           ^^^^^
  File "/home/anp/anaconda3/lib/python3.11/multiprocessing/queues.py", line 364, in get
    with self._rlock:
  File "/home/anp/anaconda3/lib/python3.11/multiprocessing/synchronize.py", line 95, in __enter__
    return self._semlock.__enter__()
           ^^^^^^^^^^^^^^^^^^^^^^^^^
KeyboardInterrupt
  File "/home/anp/anaconda3/lib/python3.11/multiprocessing/process.py", line 314, in _bootstrap
    self.run()
  File "/home/anp/anaconda3/lib/python3.11/multiprocessing/process.py", line 108, in run
    self._target(*self._args, **self._kwargs)
  File "/home/anp/anaconda3/lib/python3.11/multiprocessing/pool.py", line 114, in worker
    task = get()
           ^^^^^
  File "/home/anp/anaconda3/lib/python3.11/multiprocessing/queues.py", line 365, in get
    res = self._reader.recv_bytes()
          ^^^^^^^^^^^^^^^^^^^^^^^^^
  File "/home/anp/anaconda3/lib/python3.11/multiprocessing/connection.py", line 216, in recv_bytes
    buf = self._recv_bytes(maxlength)
          ^^^^^^^^^^^^^^^^^^^^^^^^^^^
  File "/home/anp/anaconda3/lib/python3.11/multiprocessing/connection.py", line 430, in _recv_bytes
    buf = self._recv(4)
          ^^^^^^^^^^^^^
  File "/home/anp/anaconda3/lib/python3.11/multiprocessing/connection.py", line 395, in _recv
    chunk = read(handle, remaining)
            ^^^^^^^^^^^^^^^^^^^^^^^
KeyboardInterrupt
Traceback (most recent call last):
Traceback (most recent call last):
  File "/home/anp/anaconda3/lib/python3.11/multiprocessing/process.py", line 314, in _bootstrap
    self.run()
  File "/home/anp/anaconda3/lib/python3.11/multiprocessing/process.py", line 108, in run
    self._target(*self._args, **self._kwargs)
  File "/home/anp/anaconda3/lib/python3.11/multiprocessing/pool.py", line 114, in worker
    task = get()
           ^^^^^
  File "/home/anp/anaconda3/lib/python3.11/multiprocessing/queues.py", line 364, in get
    with self._rlock:
  File "/home/anp/anaconda3/lib/python3.11/multiprocessing/synchronize.py", line 95, in __enter__
    return self._semlock.__enter__()
           ^^^^^^^^^^^^^^^^^^^^^^^^^
KeyboardInterrupt
  File "/home/anp/anaconda3/lib/python3.11/multiprocessing/process.py", line 314, in _bootstrap
    self.run()
  File "/home/anp/anaconda3/lib/python3.11/multiprocessing/process.py", line 108, in run
    self._target(*self._args, **self._kwargs)
  File "/home/anp/anaconda3/lib/python3.11/multiprocessing/pool.py", line 114, in worker
    task = get()
           ^^^^^
  File "/home/anp/anaconda3/lib/python3.11/multiprocessing/queues.py", line 364, in get
    with self._rlock:
  File "/home/anp/anaconda3/lib/python3.11/multiprocessing/synchronize.py", line 95, in __enter__
    return self._semlock.__enter__()
           ^^^^^^^^^^^^^^^^^^^^^^^^^
KeyboardInterrupt
  File "/home/anp/anaconda3/lib/python3.11/multiprocessing/process.py", line 314, in _bootstrap
    self.run()
  File "/home/anp/anaconda3/lib/python3.11/multiprocessing/process.py", line 108, in run
    self._target(*self._args, **self._kwargs)
  File "/home/anp/anaconda3/lib/python3.11/multiprocessing/pool.py", line 114, in worker
    task = get()
           ^^^^^
  File "/home/anp/anaconda3/lib/python3.11/multiprocessing/queues.py", line 364, in get
    with self._rlock:
  File "/home/anp/anaconda3/lib/python3.11/multiprocessing/synchronize.py", line 95, in __enter__
    return self._semlock.__enter__()
           ^^^^^^^^^^^^^^^^^^^^^^^^^
KeyboardInterrupt
Process ForkPoolWorker-7:
Traceback (most recent call last):
  File "/home/anp/anaconda3/lib/python3.11/multiprocessing/process.py", line 314, in _bootstrap
    self.run()
  File "/home/anp/anaconda3/lib/python3.11/multiprocessing/process.py", line 108, in run
    self._target(*self._args, **self._kwargs)
  File "/home/anp/anaconda3/lib/python3.11/multiprocessing/pool.py", line 125, in worker
    result = (True, func(*args, **kwds))
                    ^^^^^^^^^^^^^^^^^^^
  File "/home/anp/anaconda3/lib/python3.11/multiprocessing/pool.py", line 48, in mapstar
    return list(map(*args))
           ^^^^^^^^^^^^^^^^
  File "/home/anp/Documents/Statistics_and_Seq2Seq/m4_dataset.py", line 161, in run_m4
    metadata, series_data = read_tsf(f'../m4/timeseries/{dataset}.tsf')
                            ^^^^^^^^^^^^^^^^^^^^^^^^^^^^^^^^^^^^^^^^^^^
  File "/home/anp/Documents/Statistics_and_Seq2Seq/all_functions.py", line 1255, in read_tsf
    series_list = [float(value) for value in series_values.split(',')]
                  ^^^^^^^^^^^^^^^^^^^^^^^^^^^^^^^^^^^^^^^^^^^^^^^^^^^^
  File "/home/anp/Documents/Statistics_and_Seq2Seq/all_functions.py", line 1255, in <listcomp>
    series_list = [float(value) for value in series_values.split(',')]
                   ^^^^^^^^^^^^
KeyboardInterrupt
Process ForkPoolWorker-3:
Traceback (most recent call last):
  File "/home/anp/anaconda3/lib/python3.11/multiprocessing/process.py", line 314, in _bootstrap
    self.run()
  File "/home/anp/anaconda3/lib/python3.11/multiprocessing/process.py", line 108, in run
    self._target(*self._args, **self._kwargs)
  File "/home/anp/anaconda3/lib/python3.11/multiprocessing/pool.py", line 112, in worker
    while maxtasks is None or (maxtasks and completed < maxtasks):
          ^^^^^^^^^^^^^^^^
KeyboardInterrupt
Traceback (most recent call last):
  File "/home/anp/Documents/Statistics_and_Seq2Seq/m4_dataset.py", line 271, in <module>
    pool.map(run_m4, tasks)
  File "/home/anp/anaconda3/lib/python3.11/multiprocessing/pool.py", line 367, in map
    return self._map_async(func, iterable, mapstar, chunksize).get()
           ^^^^^^^^^^^^^^^^^^^^^^^^^^^^^^^^^^^^^^^^^^^^^^^^^^^^^^^^^
  File "/home/anp/anaconda3/lib/python3.11/multiprocessing/pool.py", line 768, in get
    self.wait(timeout)
  File "/home/anp/anaconda3/lib/python3.11/multiprocessing/pool.py", line 765, in wait
    self._event.wait(timeout)
  File "/home/anp/anaconda3/lib/python3.11/threading.py", line 629, in wait
    signaled = self._cond.wait(timeout)
               ^^^^^^^^^^^^^^^^^^^^^^^^
  File "/home/anp/anaconda3/lib/python3.11/threading.py", line 327, in wait
    waiter.acquire()
KeyboardInterrupt

During handling of the above exception, another exception occurred:

Traceback (most recent call last):
  File "/home/anp/Documents/Statistics_and_Seq2Seq/m4_dataset.py", line 265, in <module>
    with multiprocessing.Pool() as pool:
  File "/home/anp/anaconda3/lib/python3.11/multiprocessing/pool.py", line 739, in __exit__
    self.terminate()
  File "/home/anp/anaconda3/lib/python3.11/multiprocessing/pool.py", line 657, in terminate
    self._terminate()
  File "/home/anp/anaconda3/lib/python3.11/multiprocessing/util.py", line 224, in __call__
    res = self._callback(*self._args, **self._kwargs)
          ^^^^^^^^^^^^^^^^^^^^^^^^^^^^^^^^^^^^^^^^^^^
  File "/home/anp/anaconda3/lib/python3.11/multiprocessing/pool.py", line 695, in _terminate_pool
    cls._help_stuff_finish(inqueue, task_handler, len(pool))
  File "/home/anp/anaconda3/lib/python3.11/multiprocessing/pool.py", line 675, in _help_stuff_finish
    inqueue._rlock.acquire()
KeyboardInterrupt
